{"level":"info","message":"Database connected successfully to MongoDB Atlas.","timestamp":"2025-11-26 12:12:10"}
{"level":"info","message":"Server listening on port 3000.","timestamp":"2025-11-26 12:12:10"}
{"level":"info","message":"Running in development mode.","timestamp":"2025-11-26 12:12:10"}
{"level":"info","message":"Database connected successfully to MongoDB Atlas.","timestamp":"2025-11-26 12:18:15"}
{"level":"info","message":"Server listening on port 3000.","timestamp":"2025-11-26 12:18:15"}
{"level":"info","message":"Running in development mode.","timestamp":"2025-11-26 12:18:15"}
{"level":"info","message":"Database connected successfully to MongoDB Atlas.","timestamp":"2025-11-26 12:24:04"}
{"level":"info","message":"Server listening on port 3000.","timestamp":"2025-11-26 12:24:04"}
{"level":"info","message":"Running in development mode.","timestamp":"2025-11-26 12:24:04"}
{"level":"info","message":"Database connected successfully to MongoDB Atlas.","timestamp":"2025-11-26 12:49:53"}
{"level":"info","message":"Server listening on port 3000.","timestamp":"2025-11-26 12:49:53"}
{"level":"info","message":"Running in development mode.","timestamp":"2025-11-26 12:49:53"}
{"level":"info","message":"Database connected successfully to MongoDB Atlas.","timestamp":"2025-11-26 13:04:54"}
{"level":"info","message":"Server listening on port 3000.","timestamp":"2025-11-26 13:04:54"}
{"level":"info","message":"Running in development mode.","timestamp":"2025-11-26 13:04:54"}
{"exam":"SCS-C02","level":"info","message":"Quiz session starting.","timestamp":"2025-11-26 13:06:25","userId":"60c72b22f03c9a1d9b32c3f8"}
{"level":"error","message":"Error starting quiz: Question.aggregate is not a function","stack":"TypeError: Question.aggregate is not a function\n    at exports.startQuiz (/Users/tristanmarvin/aws-quiz-app/services/quizService.js:28:42)\n    at process.processTicksAndRejections (node:internal/process/task_queues:103:5)\n    at async exports.startQuiz (/Users/tristanmarvin/aws-quiz-app/controllers/quizController.js:23:27)","timestamp":"2025-11-26 13:06:26"}
{"level":"info","message":"Database connected successfully to MongoDB Atlas.","timestamp":"2025-11-26 13:11:03"}
{"level":"info","message":"Server listening on port 3000.","timestamp":"2025-11-26 13:11:03"}
{"level":"info","message":"Running in development mode.","timestamp":"2025-11-26 13:11:03"}
{"exam":"SCS-C02","level":"info","message":"Quiz session starting.","timestamp":"2025-11-26 13:11:17","userId":"60c72b22f03c9a1d9b32c3f8"}
{"level":"error","message":"Error starting quiz: Question.aggregate is not a function","stack":"TypeError: Question.aggregate is not a function\n    at exports.startQuiz (/Users/tristanmarvin/aws-quiz-app/services/quizService.js:28:42)\n    at process.processTicksAndRejections (node:internal/process/task_queues:103:5)\n    at async exports.startQuiz (/Users/tristanmarvin/aws-quiz-app/controllers/quizController.js:23:27)","timestamp":"2025-11-26 13:11:17"}
{"level":"info","message":"Database connected successfully to MongoDB Atlas.","timestamp":"2025-11-26 13:15:10"}
{"level":"info","message":"Server listening on port 3000.","timestamp":"2025-11-26 13:15:10"}
{"level":"info","message":"Running in development mode.","timestamp":"2025-11-26 13:15:10"}
{"exam":"SCS-C02","level":"info","message":"Quiz session starting.","timestamp":"2025-11-26 13:15:25","userId":"60c72b22f03c9a1d9b32c3f8"}
{"level":"info","message":"Fetched 10 new/review questions.","timestamp":"2025-11-26 13:15:25","userId":"60c72b22f03c9a1d9b32c3f8"}
{"level":"info","message":"Dashboard controller initialized successfully.","timestamp":"2025-11-26 13:17:25"}
{"level":"info","message":"Database connected successfully to MongoDB Atlas.","timestamp":"2025-11-26 13:17:43"}
{"level":"info","message":"Server listening on port 3000.","timestamp":"2025-11-26 13:17:43"}
{"level":"info","message":"Running in development mode.","timestamp":"2025-11-26 13:17:43"}
{"level":"info","message":"Dashboard controller initialized successfully.","timestamp":"2025-11-26 13:17:54"}
{"level":"info","message":"Database connected successfully to MongoDB Atlas.","timestamp":"2025-11-26 13:20:00"}
{"level":"info","message":"Server listening on port 3000.","timestamp":"2025-11-26 13:20:00"}
{"level":"info","message":"Running in development mode.","timestamp":"2025-11-26 13:20:00"}
{"level":"info","message":"Dashboard controller initialized successfully.","timestamp":"2025-11-26 13:20:39"}
{"level":"info","message":"Database connected successfully to MongoDB Atlas.","timestamp":"2025-11-26 13:24:06"}
{"level":"info","message":"Server listening on port 3000.","timestamp":"2025-11-26 13:24:06"}
{"level":"info","message":"Running in development mode.","timestamp":"2025-11-26 13:24:06"}
{"level":"info","message":"Starting dashboard aggregation pipeline.","timestamp":"2025-11-26 13:24:16","userId":"60c72b22f03c9a1d9b32c3f8"}
